20:22:42 **-- Starting Experiment 1: Usage, Surge with AVG workload
Seeding the UpgradeplannerDB with tenants
[{"tenantId":1,"appName":"mt-api","slaClass":"bronze","currVersion":"1","upgVersion":null,"deadline":null},{"tenantId":2,"appName":"mt-api","slaClass":"bronze","currVersion":"1","upgVersion":null,"deadline":null},{"tenantId":3,"appName":"mt-api","slaClass":"bronze","currVersion":"1","upgVersion":null,"deadline":null},{"tenantId":4,"appName":"mt-api","slaClass":"bronze","currVersion":"1","upgVersion":null,"deadline":null},{"tenantId":5,"appName":"mt-api","slaClass":"bronze","currVersion":"1","upgVersion":null,"deadline":null},{"tenantId":6,"appName":"mt-api","slaClass":"bronze","currVersion":"1","upgVersion":null,"deadline":null},{"tenantId":7,"appName":"mt-api","slaClass":"bronze","currVersion":"1","upgVersion":null,"deadline":null},{"tenantId":8,"appName":"mt-api","slaClass":"bronze","currVersion":"1","upgVersion":null,"deadline":null},{"tenantId":9,"appName":"mt-api","slaClass":"bronze","currVersion":"1","upgVersion":null,"deadline":null},{"tenantId":10,"appName":"mt-api","slaClass":"bronze","currVersion":"1","upgVersion":null,"deadline":null},{"tenantId":11,"appName":"mt-api","slaClass":"bronze","currVersion":"1","upgVersion":null,"deadline":null},{"tenantId":12,"appName":"mt-api","slaClass":"bronze","currVersion":"1","upgVersion":null,"deadline":null},{"tenantId":13,"appName":"mt-api","slaClass":"bronze","currVersion":"1","upgVersion":null,"deadline":null}]20:22:43 -- Seeding the UpgradeplannerDB with Deployments
{"deploymentName":"mt-api-v1","appName":"mt-api","version":"1","slaClass":"bronze","podRequests":871,"podLimits":1300,"tenantRequests":67,"tenantLimits":100,"upgradeTime":90}{"deploymentName":"mt-api-v2","appName":"mt-api","version":"2","slaClass":"bronze","podRequests":0,"podLimits":0,"tenantRequests":67,"tenantLimits":100,"upgradeTime":90}20:22:43 -- Seeding the application database

> mt-api@0.0.0 clear-db /app
> node ./scripts/db-clear.js

2021-06-05T18:22:44.823Z [mt-api] [32minfo[39m: Connecting to database.
2021-06-05T18:22:44.826Z [mt-api] [32minfo[39m: Connecting to: mongodb://mt-db-s/mt-api
2021-06-05T18:22:44.847Z [mt-api] [33mwarn[39m: Clearing database.
2021-06-05T18:22:44.874Z [mt-api] [32minfo[39m: TenantModel: {"n":0,"ok":1,"deletedCount":0}
2021-06-05T18:22:44.878Z [mt-api] [32minfo[39m: UserModel: {"n":0,"ok":1,"deletedCount":0}
2021-06-05T18:22:44.878Z [mt-api] [33mwarn[39m: Database cleared.
2021-06-05T18:22:44.879Z [mt-api] [32minfo[39m: Disconnecting from database.

> mt-api@0.0.0 seed-db /app
> node ./scripts/db-seed.js

2021-06-05T18:22:45.664Z [mt-api] [32minfo[39m: Connecting to database.
2021-06-05T18:22:45.666Z [mt-api] [32minfo[39m: Connecting to: mongodb://mt-db-s/mt-api
2021-06-05T18:22:45.720Z [mt-api] [33mwarn[39m: Seeding database.
2021-06-05T18:22:45.804Z [mt-api] [33mwarn[39m: Tenants seeded.
2021-06-05T18:22:46.088Z [mt-api] [32minfo[39m: [REGISTER] User created: user-1-1
2021-06-05T18:22:46.191Z [mt-api] [32minfo[39m: [REGISTER] User created: user-3-1
2021-06-05T18:22:46.216Z [mt-api] [32minfo[39m: [REGISTER] User created: user-2-1
2021-06-05T18:22:46.289Z [mt-api] [32minfo[39m: [REGISTER] User created: user-4-1
2021-06-05T18:22:46.416Z [mt-api] [32minfo[39m: [REGISTER] User created: user-6-1
2021-06-05T18:22:46.418Z [mt-api] [32minfo[39m: [REGISTER] User created: user-5-1
2021-06-05T18:22:46.687Z [mt-api] [32minfo[39m: [REGISTER] User created: user-7-1
2021-06-05T18:22:46.718Z [mt-api] [32minfo[39m: [REGISTER] User created: user-8-1
2021-06-05T18:22:46.812Z [mt-api] [32minfo[39m: [REGISTER] User created: user-9-1
2021-06-05T18:22:46.816Z [mt-api] [32minfo[39m: [REGISTER] User created: user-11-1
2021-06-05T18:22:46.891Z [mt-api] [32minfo[39m: [REGISTER] User created: user-10-1
2021-06-05T18:22:46.989Z [mt-api] [32minfo[39m: [REGISTER] User created: user-12-1
2021-06-05T18:22:46.993Z [mt-api] [32minfo[39m: [REGISTER] User created: user-13-1
2021-06-05T18:22:47.002Z [mt-api] [33mwarn[39m: Users seeded.
2021-06-05T18:22:47.002Z [mt-api] [32minfo[39m: Disconnecting from database.
20:22:47 -- changing experiment files
Group stress testing
20:22:49 -- Starting scalar script
20:22:49 -- Starting upgrade
[{"tenantId":1,"appName":"mt-api","slaClass":"bronze","currVersion":"1","upgVersion":"2","deadline":null},{"tenantId":9,"appName":"mt-api","slaClass":"bronze","currVersion":"1","upgVersion":"2","deadline":null},{"tenantId":2,"appName":"mt-api","slaClass":"bronze","currVersion":"1","upgVersion":"2","deadline":null},{"tenantId":10,"appName":"mt-api","slaClass":"bronze","currVersion":"1","upgVersion":"2","deadline":null},{"tenantId":3,"appName":"mt-api","slaClass":"bronze","currVersion":"1","upgVersion":"2","deadline":null},{"tenantId":4,"appName":"mt-api","slaClass":"bronze","currVersion":"1","upgVersion":"2","deadline":null},{"tenantId":11,"appName":"mt-api","slaClass":"bronze","currVersion":"1","upgVersion":"2","deadline":null},{"tenantId":5,"appName":"mt-api","slaClass":"bronze","currVersion":"1","upgVersion":"2","deadline":null},{"tenantId":12,"appName":"mt-api","slaClass":"bronze","currVersion":"1","upgVersion":"2","deadline":null},{"tenantId":7,"appName":"mt-api","slaClass":"bronze","currVersion":"1","upgVersion":"2","deadline":null},{"tenantId":13,"appName":"mt-api","slaClass":"bronze","currVersion":"1","upgVersion":"2","deadline":null},{"tenantId":8,"appName":"mt-api","slaClass":"bronze","currVersion":"1","upgVersion":"2","deadline":null},{"tenantId":6,"appName":"mt-api","slaClass":"bronze","currVersion":"1","upgVersion":"2","deadline":null}]20:25:49 -- Experiment script is over
