20:15:27 **-- Starting Experiment 2: Latency, with high workload for  seconds
Seeding the UpgradeplannerDB with tenants
[{"tenantId":1,"appName":"mt-api","slaClass":"bronze","currVersion":"1","upgVersion":null,"deadline":null},{"tenantId":2,"appName":"mt-api","slaClass":"bronze","currVersion":"1","upgVersion":null,"deadline":null},{"tenantId":3,"appName":"mt-api","slaClass":"bronze","currVersion":"1","upgVersion":null,"deadline":null},{"tenantId":4,"appName":"mt-api","slaClass":"bronze","currVersion":"1","upgVersion":null,"deadline":null},{"tenantId":5,"appName":"mt-api","slaClass":"bronze","currVersion":"1","upgVersion":null,"deadline":null},{"tenantId":6,"appName":"mt-api","slaClass":"bronze","currVersion":"1","upgVersion":null,"deadline":null},{"tenantId":7,"appName":"mt-api","slaClass":"bronze","currVersion":"1","upgVersion":null,"deadline":null},{"tenantId":8,"appName":"mt-api","slaClass":"bronze","currVersion":"1","upgVersion":null,"deadline":null},{"tenantId":9,"appName":"mt-api","slaClass":"bronze","currVersion":"1","upgVersion":null,"deadline":null},{"tenantId":10,"appName":"mt-api","slaClass":"bronze","currVersion":"1","upgVersion":null,"deadline":null},{"tenantId":11,"appName":"mt-api","slaClass":"bronze","currVersion":"1","upgVersion":null,"deadline":null},{"tenantId":12,"appName":"mt-api","slaClass":"bronze","currVersion":"1","upgVersion":null,"deadline":null},{"tenantId":13,"appName":"mt-api","slaClass":"bronze","currVersion":"1","upgVersion":null,"deadline":null}]Seeding the UpgradeplannerDB with Deployments
{"deploymentName":"mt-api-v1","appName":"mt-api","version":"1","slaClass":"bronze","podRequests":871,"podLimits":1300,"tenantRequests":67,"tenantLimits":100,"upgradeTime":90}{"deploymentName":"mt-api-v2","appName":"mt-api","version":"2","slaClass":"bronze","podRequests":0,"podLimits":0,"tenantRequests":67,"tenantLimits":100,"upgradeTime":90}Seeding the application database

> mt-api@0.0.0 clear-db /app
> node ./scripts/db-clear.js

2021-06-05T18:15:28.843Z [mt-api] [32minfo[39m: Connecting to database.
2021-06-05T18:15:28.846Z [mt-api] [32minfo[39m: Connecting to: mongodb://mt-db-s/mt-api
2021-06-05T18:15:28.868Z [mt-api] [33mwarn[39m: Clearing database.
2021-06-05T18:15:28.897Z [mt-api] [32minfo[39m: TenantModel: {"n":0,"ok":1,"deletedCount":0}
2021-06-05T18:15:28.901Z [mt-api] [32minfo[39m: UserModel: {"n":0,"ok":1,"deletedCount":0}
2021-06-05T18:15:28.901Z [mt-api] [33mwarn[39m: Database cleared.
2021-06-05T18:15:28.901Z [mt-api] [32minfo[39m: Disconnecting from database.

> mt-api@0.0.0 seed-db /app
> node ./scripts/db-seed.js

2021-06-05T18:15:29.693Z [mt-api] [32minfo[39m: Connecting to database.
2021-06-05T18:15:29.696Z [mt-api] [32minfo[39m: Connecting to: mongodb://mt-db-s/mt-api
2021-06-05T18:15:29.743Z [mt-api] [33mwarn[39m: Seeding database.
2021-06-05T18:15:29.839Z [mt-api] [33mwarn[39m: Tenants seeded.
2021-06-05T18:15:30.087Z [mt-api] [32minfo[39m: [REGISTER] User created: user-3-1
2021-06-05T18:15:30.091Z [mt-api] [32minfo[39m: [REGISTER] User created: user-2-1
2021-06-05T18:15:30.119Z [mt-api] [32minfo[39m: [REGISTER] User created: user-4-1
2021-06-05T18:15:30.121Z [mt-api] [32minfo[39m: [REGISTER] User created: user-1-1
2021-06-05T18:15:30.409Z [mt-api] [32minfo[39m: [REGISTER] User created: user-7-1
2021-06-05T18:15:30.426Z [mt-api] [32minfo[39m: [REGISTER] User created: user-6-1
2021-06-05T18:15:30.428Z [mt-api] [32minfo[39m: [REGISTER] User created: user-5-1
2021-06-05T18:15:30.514Z [mt-api] [32minfo[39m: [REGISTER] User created: user-10-1
2021-06-05T18:15:30.515Z [mt-api] [32minfo[39m: [REGISTER] User created: user-9-1
2021-06-05T18:15:30.520Z [mt-api] [32minfo[39m: [REGISTER] User created: user-8-1
2021-06-05T18:15:30.588Z [mt-api] [32minfo[39m: [REGISTER] User created: user-11-1
2021-06-05T18:15:30.635Z [mt-api] [32minfo[39m: [REGISTER] User created: user-12-1
2021-06-05T18:15:30.642Z [mt-api] [32minfo[39m: [REGISTER] User created: user-13-1
2021-06-05T18:15:30.698Z [mt-api] [33mwarn[39m: Users seeded.
2021-06-05T18:15:30.699Z [mt-api] [32minfo[39m: Disconnecting from database.
Group stress testing
20:15:33 -- Starting scalar script
20:15:33 --Starting upgrade
[{"tenantId":1,"appName":"mt-api","slaClass":"bronze","currVersion":"1","upgVersion":"2","deadline":null},{"tenantId":2,"appName":"mt-api","slaClass":"bronze","currVersion":"1","upgVersion":"2","deadline":null},{"tenantId":3,"appName":"mt-api","slaClass":"bronze","currVersion":"1","upgVersion":"2","deadline":null},{"tenantId":4,"appName":"mt-api","slaClass":"bronze","currVersion":"1","upgVersion":"2","deadline":null},{"tenantId":5,"appName":"mt-api","slaClass":"bronze","currVersion":"1","upgVersion":"2","deadline":null},{"tenantId":6,"appName":"mt-api","slaClass":"bronze","currVersion":"1","upgVersion":"2","deadline":null},{"tenantId":7,"appName":"mt-api","slaClass":"bronze","currVersion":"1","upgVersion":"2","deadline":null},{"tenantId":8,"appName":"mt-api","slaClass":"bronze","currVersion":"1","upgVersion":"2","deadline":null},{"tenantId":9,"appName":"mt-api","slaClass":"bronze","currVersion":"1","upgVersion":"2","deadline":null},{"tenantId":10,"appName":"mt-api","slaClass":"bronze","currVersion":"1","upgVersion":"2","deadline":null},{"tenantId":11,"appName":"mt-api","slaClass":"bronze","currVersion":"1","upgVersion":"2","deadline":null},{"tenantId":12,"appName":"mt-api","slaClass":"bronze","currVersion":"1","upgVersion":"2","deadline":null},{"tenantId":13,"appName":"mt-api","slaClass":"bronze","currVersion":"1","upgVersion":"2","deadline":null}]20:18:33 -- Experiment script is over
